0.478468 78
0.369798 1
15.928262 1
0.228562 2
0.575724 42
0.042990 2
0.000030 78
0.000980 1
367.056014 1
0.143374 1
0.205204 1
0.163717 1
0.360504 1
1.121612 2
0.669355 1
0.045906 2
0.000313 6
0.000754 2
0.000167 16
0.000109 2
0.000092 12
0.000099 2
0.000453 10
0.000176 2
0.000323 78
0.004022 1
1.820529 1
0.187883 1
0.168505 1
0.152534 1
0.374504 1
0.725472 4
0.921003 1
0.750545 1
0.228903 1
0.812751 1
0.819770 1
1.406162 1
0.179640 1
0.142542 1
0.274711 135
0.698316 13
37.129965 1
1.559504 52
0.741833 78
0.000233 14
23.093687 4
1.017548 1
0.532701 115
0.648622 1
101.028473 1
0.483249 1
0.173726 1
0.347706 8
